  [4;36;1mSQL (0.2ms)[0m   [0;1m SELECT name
 FROM sqlite_master
 WHERE type = 'table' AND NOT name = 'sqlite_sequence'
[0m
  [4;35;1mSQL (0.1ms)[0m   [0mselect sqlite_version(*)[0m
  [4;36;1mSQL (30.0ms)[0m   [0;1mCREATE TABLE "schema_migrations" ("version" varchar(255) NOT NULL) [0m
  [4;35;1mSQL (15.4ms)[0m   [0mCREATE UNIQUE INDEX "unique_schema_migrations" ON "schema_migrations" ("version")[0m
  [4;36;1mSQL (0.4ms)[0m   [0;1m SELECT name
 FROM sqlite_master
 WHERE type = 'table' AND NOT name = 'sqlite_sequence'
[0m
  [4;35;1mSQL (0.1ms)[0m   [0mSELECT version FROM schema_migrations[0m
Migrating to CreateNetworks (20100725023812)
  [4;36;1mSQL (0.9ms)[0m   [0;1mCREATE TABLE "networks" ("id" INTEGER PRIMARY KEY AUTOINCREMENT NOT NULL, "name" varchar(255), "description" text, "created_at" datetime, "updated_at" datetime) [0m
  [4;35;1mSQL (0.2ms)[0m   [0mINSERT INTO schema_migrations (version) VALUES ('20100725023812')[0m
  [4;36;1mSQL (0.3ms)[0m   [0;1m SELECT name
 FROM sqlite_master
 WHERE type = 'table' AND NOT name = 'sqlite_sequence'
[0m
  [4;35;1mSQL (0.1ms)[0m   [0mSELECT version FROM schema_migrations[0m
  [4;36;1mSQL (0.1ms)[0m   [0;1m SELECT name
 FROM sqlite_master
 WHERE type = 'table' AND NOT name = 'sqlite_sequence'
[0m
  [4;35;1mSQL (0.1ms)[0m   [0mPRAGMA index_list("networks")[0m


Processing NetworksController#index (for 127.0.0.1 at 2010-07-24 22:40:33) [GET]
  [4;36;1mNetwork Load (0.4ms)[0m   [0;1mSELECT * FROM "networks" [0m
Rendering template within layouts/networks
Rendering networks/index
Completed in 56ms (View: 53, DB: 0) | 200 OK [http://localhost/Networks]


Processing NetworksController#new (for 127.0.0.1 at 2010-07-24 22:40:35) [GET]
Rendering template within layouts/networks
Rendering networks/new
Completed in 10ms (View: 6, DB: 0) | 200 OK [http://localhost/networks/new]


Processing NetworksController#create (for 127.0.0.1 at 2010-07-24 22:40:36) [POST]
  Parameters: {"commit"=>"Create", "authenticity_token"=>"C3GpBeTxqQqoObcuQhzbJbRra6Z/i8fWx9xpNVFOlWI="}
  [4;35;1mNetwork Create (0.3ms)[0m   [0mINSERT INTO "networks" ("name", "created_at", "updated_at", "description") VALUES(NULL, '2010-07-25 02:40:36', '2010-07-25 02:40:36', NULL)[0m
Redirected to http://localhost:3000/networks/1
Completed in 55ms (DB: 0) | 302 Found [http://localhost/networks]


Processing NetworksController#show (for 127.0.0.1 at 2010-07-24 22:40:36) [GET]
  Parameters: {"id"=>"1"}
  [4;36;1mNetwork Load (0.2ms)[0m   [0;1mSELECT * FROM "networks" WHERE ("networks"."id" = 1) [0m
Rendering template within layouts/networks
Rendering networks/show
Completed in 9ms (View: 4, DB: 0) | 200 OK [http://localhost/networks/1]


Processing NetworksController#edit (for 127.0.0.1 at 2010-07-24 22:40:41) [GET]
  Parameters: {"id"=>"1"}
  [4;35;1mNetwork Load (0.2ms)[0m   [0mSELECT * FROM "networks" WHERE ("networks"."id" = 1) [0m
Rendering template within layouts/networks
Rendering networks/edit
Completed in 11ms (View: 7, DB: 0) | 200 OK [http://localhost/networks/1/edit]
  [4;36;1mNetwork Load (0.4ms)[0m   [0;1mSELECT * FROM "networks" [0m


Processing NetworksController#edit (for 127.0.0.1 at 2010-07-24 22:44:02) [GET]
  Parameters: {"id"=>"1"}
  [4;36;1mNetwork Load (0.2ms)[0m   [0;1mSELECT * FROM "networks" WHERE ("networks"."id" = 1) [0m
Rendering template within layouts/networks
Rendering networks/edit
Completed in 8ms (View: 3, DB: 0) | 200 OK [http://localhost/networks/1/edit]


Processing NetworksController#create (for 127.0.0.1 at 2010-07-24 22:44:09) [POST]
  Parameters: {"commit"=>"Create", "authenticity_token"=>"C3GpBeTxqQqoObcuQhzbJbRra6Z/i8fWx9xpNVFOlWI="}
  [4;35;1mNetwork Create (0.3ms)[0m   [0mINSERT INTO "networks" ("name", "created_at", "updated_at", "description") VALUES(NULL, '2010-07-25 02:44:09', '2010-07-25 02:44:09', NULL)[0m
Redirected to http://localhost:3000/networks/2
Completed in 45ms (DB: 0) | 302 Found [http://localhost/networks]


Processing NetworksController#show (for 127.0.0.1 at 2010-07-24 22:44:09) [GET]
  Parameters: {"id"=>"2"}
  [4;36;1mNetwork Load (0.2ms)[0m   [0;1mSELECT * FROM "networks" WHERE ("networks"."id" = 2) [0m
Rendering template within layouts/networks
Rendering networks/show
Completed in 6ms (View: 1, DB: 0) | 200 OK [http://localhost/networks/2]


Processing NetworksController#new (for 127.0.0.1 at 2010-07-24 22:44:19) [GET]
Rendering template within layouts/networks
Rendering networks/new
Completed in 12ms (View: 8, DB: 0) | 200 OK [http://localhost/networks/new]


Processing NetworksController#create (for 127.0.0.1 at 2010-07-24 22:44:27) [POST]
  Parameters: {"commit"=>"Create", "authenticity_token"=>"C3GpBeTxqQqoObcuQhzbJbRra6Z/i8fWx9xpNVFOlWI=", "network"=>{"name"=>"Hacker News", "description"=>"news for hackers"}}
  [4;35;1mNetwork Create (0.3ms)[0m   [0mINSERT INTO "networks" ("name", "created_at", "updated_at", "description") VALUES('Hacker News', '2010-07-25 02:44:27', '2010-07-25 02:44:27', 'news for hackers')[0m
Redirected to http://localhost:3000/networks/3
Completed in 10ms (DB: 0) | 302 Found [http://localhost/networks]


Processing NetworksController#show (for 127.0.0.1 at 2010-07-24 22:44:27) [GET]
  Parameters: {"id"=>"3"}
  [4;36;1mNetwork Load (0.2ms)[0m   [0;1mSELECT * FROM "networks" WHERE ("networks"."id" = 3) [0m
Rendering template within layouts/networks
Rendering networks/show
Completed in 6ms (View: 1, DB: 0) | 200 OK [http://localhost/networks/3]


Processing NetworksController#index (for 127.0.0.1 at 2010-07-24 22:44:30) [GET]
  [4;35;1mNetwork Load (0.5ms)[0m   [0mSELECT * FROM "networks" [0m
Rendering template within layouts/networks
Rendering networks/index
Completed in 12ms (View: 8, DB: 0) | 200 OK [http://localhost/networks]


Processing NetworksController#index (for 127.0.0.1 at 2010-07-24 22:45:38) [GET]
  [4;36;1mNetwork Load (0.4ms)[0m   [0;1mSELECT * FROM "networks" [0m
Rendering template within layouts/networks
Rendering networks/index
Completed in 11ms (View: 8, DB: 0) | 200 OK [http://localhost/networks]


Processing NetworksController#show (for 127.0.0.1 at 2010-07-24 22:45:40) [GET]
  Parameters: {"id"=>"1"}
  [4;35;1mNetwork Load (0.2ms)[0m   [0mSELECT * FROM "networks" WHERE ("networks"."id" = 1) [0m
Rendering template within layouts/networks
Rendering networks/show
Completed in 9ms (View: 5, DB: 0) | 200 OK [http://localhost/networks/1]


Processing NetworksController#index (for 127.0.0.1 at 2010-07-24 22:45:42) [GET]
  [4;36;1mNetwork Load (0.5ms)[0m   [0;1mSELECT * FROM "networks" [0m
Rendering template within layouts/networks
Rendering networks/index
Completed in 12ms (View: 8, DB: 0) | 200 OK [http://localhost/networks]


Processing NetworksController#show (for 127.0.0.1 at 2010-07-24 22:45:43) [GET]
  Parameters: {"id"=>"3"}
  [4;35;1mNetwork Load (0.2ms)[0m   [0mSELECT * FROM "networks" WHERE ("networks"."id" = 3) [0m
Rendering template within layouts/networks
Rendering networks/show
Completed in 7ms (View: 2, DB: 0) | 200 OK [http://localhost/networks/3]


Processing NetworksController#index (for 127.0.0.1 at 2010-07-24 22:45:45) [GET]
  [4;36;1mNetwork Load (0.5ms)[0m   [0;1mSELECT * FROM "networks" [0m
Rendering template within layouts/networks
Rendering networks/index
Completed in 12ms (View: 8, DB: 0) | 200 OK [http://localhost/networks]


Processing NetworksController#index (for 127.0.0.1 at 2010-07-24 22:46:24) [GET]
  [4;35;1mNetwork Load (0.5ms)[0m   [0mSELECT * FROM "networks" [0m
Rendering template within layouts/networks
Rendering networks/index

ActionView::TemplateError (You have a nil object when you didn't expect it!
You might have expected an instance of Array.
The error occurred while evaluating nil.+) on line #9 of app/views/networks/index.html.erb:
6: 
7: <% @networks.each do |network| %>
8:   <tr>
9: 		<td><%= network.name + " - " + network.description %></td>
10:     <td><%= link_to 'Show', network %></td>
11:     <td><%= link_to 'Edit', edit_network_path(network) %></td>
12:     <td><%= link_to 'Destroy', network, :confirm => 'Are you sure?', :method => :delete %></td>

    app/views/networks/index.html.erb:9
    app/views/networks/index.html.erb:7:in `each'
    app/views/networks/index.html.erb:7
    app/controllers/networks_controller.rb:7:in `index'

Rendered rescues/_trace (38.1ms)
Rendered rescues/_request_and_response (1.0ms)
Rendering rescues/layout (internal_server_error)


Processing NetworksController#index (for 127.0.0.1 at 2010-07-24 22:47:15) [GET]
  [4;36;1mNetwork Load (0.5ms)[0m   [0;1mSELECT * FROM "networks" [0m
Rendering template within layouts/networks
Rendering networks/index
Completed in 16ms (View: 12, DB: 1) | 200 OK [http://localhost/networks]


Processing NetworksController#index (for 127.0.0.1 at 2010-07-24 22:47:32) [GET]
  [4;35;1mNetwork Load (0.5ms)[0m   [0mSELECT * FROM "networks" [0m
Rendering template within layouts/networks
Rendering networks/index
Completed in 16ms (View: 12, DB: 0) | 200 OK [http://localhost/networks]


Processing NetworksController#destroy (for 127.0.0.1 at 2010-07-24 22:47:36) [DELETE]
  Parameters: {"authenticity_token"=>"C3GpBeTxqQqoObcuQhzbJbRra6Z/i8fWx9xpNVFOlWI=", "id"=>"2"}
  [4;36;1mNetwork Load (0.2ms)[0m   [0;1mSELECT * FROM "networks" WHERE ("networks"."id" = 2) [0m
  [4;35;1mNetwork Destroy (0.2ms)[0m   [0mDELETE FROM "networks" WHERE "id" = 2[0m
Redirected to http://localhost:3000/networks
Completed in 44ms (DB: 0) | 302 Found [http://localhost/networks/2]


Processing NetworksController#index (for 127.0.0.1 at 2010-07-24 22:47:36) [GET]
  [4;36;1mNetwork Load (0.4ms)[0m   [0;1mSELECT * FROM "networks" [0m
Rendering template within layouts/networks
Rendering networks/index
Completed in 10ms (View: 7, DB: 0) | 200 OK [http://localhost/networks]


Processing NetworksController#destroy (for 127.0.0.1 at 2010-07-24 22:47:38) [DELETE]
  Parameters: {"authenticity_token"=>"C3GpBeTxqQqoObcuQhzbJbRra6Z/i8fWx9xpNVFOlWI=", "id"=>"1"}
  [4;35;1mNetwork Load (0.2ms)[0m   [0mSELECT * FROM "networks" WHERE ("networks"."id" = 1) [0m
  [4;36;1mNetwork Destroy (0.2ms)[0m   [0;1mDELETE FROM "networks" WHERE "id" = 1[0m
Redirected to http://localhost:3000/networks
Completed in 50ms (DB: 0) | 302 Found [http://localhost/networks/1]


Processing NetworksController#index (for 127.0.0.1 at 2010-07-24 22:47:38) [GET]
  [4;35;1mNetwork Load (0.4ms)[0m   [0mSELECT * FROM "networks" [0m
Rendering template within layouts/networks
Rendering networks/index
Completed in 8ms (View: 5, DB: 0) | 200 OK [http://localhost/networks]


Processing NetworksController#index (for 127.0.0.1 at 2010-07-24 22:47:49) [GET]
  [4;36;1mNetwork Load (0.4ms)[0m   [0;1mSELECT * FROM "networks" [0m
Rendering template within layouts/networks
Rendering networks/index
Completed in 11ms (View: 7, DB: 0) | 200 OK [http://localhost/networks]


Processing ApplicationController#index (for 127.0.0.1 at 2010-07-24 23:23:33) [GET]

ActionController::RoutingError (No route matches "/user/create" with {:method=>:get}):
  

Rendering rescues/layout (not_found)


Processing UsersController#new (for 127.0.0.1 at 2010-07-24 23:23:58) [GET]

ActiveRecord::StatementInvalid (Could not find table 'users'):
  app/controllers/users_controller.rb:8:in `new'
  app/controllers/users_controller.rb:8:in `new'

Rendered rescues/_trace (32.0ms)
Rendered rescues/_request_and_response (1.1ms)
Rendering rescues/layout (internal_server_error)
  [4;36;1mSQL (0.3ms)[0m   [0;1m SELECT name
 FROM sqlite_master
 WHERE type = 'table' AND NOT name = 'sqlite_sequence'
[0m
  [4;35;1mSQL (0.1ms)[0m   [0mSELECT version FROM schema_migrations[0m
Migrating to CreateNetworks (20100725023812)
Migrating to CreateUsers (20100725025640)
  [4;36;1mSQL (0.1ms)[0m   [0;1mselect sqlite_version(*)[0m
  [4;35;1mSQL (0.1ms)[0m   [0m SELECT name
 FROM sqlite_master
 WHERE type = 'table' AND NOT name = 'sqlite_sequence'
[0m
  [4;36;1mSQL (0.3ms)[0m   [0;1mCREATE TABLE "users" ("id" INTEGER PRIMARY KEY AUTOINCREMENT NOT NULL, "login" varchar(40), "name" varchar(100) DEFAULT '', "email" varchar(100), "crypted_password" varchar(40), "salt" varchar(40), "created_at" datetime, "updated_at" datetime, "remember_token" varchar(40), "remember_token_expires_at" datetime, "activation_code" varchar(40), "activated_at" datetime) [0m
  [4;35;1mSQL (0.3ms)[0m   [0mCREATE UNIQUE INDEX "index_users_on_login" ON "users" ("login")[0m
  [4;36;1mSQL (0.1ms)[0m   [0;1mINSERT INTO schema_migrations (version) VALUES ('20100725025640')[0m
  [4;35;1mSQL (0.3ms)[0m   [0m SELECT name
 FROM sqlite_master
 WHERE type = 'table' AND NOT name = 'sqlite_sequence'
[0m
  [4;36;1mSQL (0.1ms)[0m   [0;1mSELECT version FROM schema_migrations[0m
  [4;35;1mSQL (0.1ms)[0m   [0m SELECT name
 FROM sqlite_master
 WHERE type = 'table' AND NOT name = 'sqlite_sequence'
[0m
  [4;36;1mSQL (0.0ms)[0m   [0;1mPRAGMA index_list("networks")[0m
  [4;35;1mSQL (0.1ms)[0m   [0mPRAGMA index_list("users")[0m
  [4;36;1mSQL (0.1ms)[0m   [0;1mPRAGMA index_info('index_users_on_login')[0m


Processing UsersController#new (for 127.0.0.1 at 2010-07-24 23:24:15) [GET]
Rendering users/new
Completed in 25ms (View: 18, DB: 0) | 200 OK [http://localhost/signup]


Processing UsersController#create (for 127.0.0.1 at 2010-07-24 23:24:32) [POST]
  Parameters: {"commit"=>"Sign up", "authenticity_token"=>"C3GpBeTxqQqoObcuQhzbJbRra6Z/i8fWx9xpNVFOlWI=", "user"=>{"password_confirmation"=>"test", "password"=>"test", "login"=>"Test_acct", "email"=>"jason.laster.11+1@gmail.com"}}
  [4;36;1mUser Load (0.1ms)[0m   [0;1mSELECT "users".id FROM "users" WHERE ("users"."login" = 'test_acct') LIMIT 1[0m
  [4;35;1mUser Load (0.1ms)[0m   [0mSELECT "users".id FROM "users" WHERE ("users"."email" = 'jason.laster.11+1@gmail.com') LIMIT 1[0m
Rendering users/new
Completed in 75ms (View: 6, DB: 0) | 200 OK [http://localhost/users]


Processing UsersController#create (for 127.0.0.1 at 2010-07-24 23:24:39) [POST]
  Parameters: {"commit"=>"Sign up", "authenticity_token"=>"C3GpBeTxqQqoObcuQhzbJbRra6Z/i8fWx9xpNVFOlWI=", "user"=>{"password_confirmation"=>"test12", "password"=>"test12", "login"=>"test_acct", "email"=>"jason.laster.11+1@gmail.com"}}
  [4;36;1mUser Load (0.1ms)[0m   [0;1mSELECT "users".id FROM "users" WHERE ("users"."login" = 'test_acct') LIMIT 1[0m
  [4;35;1mUser Load (0.1ms)[0m   [0mSELECT "users".id FROM "users" WHERE ("users"."email" = 'jason.laster.11+1@gmail.com') LIMIT 1[0m
  [4;36;1mUser Create (0.3ms)[0m   [0;1mINSERT INTO "users" ("name", "salt", "created_at", "activated_at", "crypted_password", "remember_token_expires_at", "updated_at", "activation_code", "remember_token", "login", "email") VALUES('', 'fe149e5160c2deedf142df06b75970cb3890758d', '2010-07-25 03:24:39', NULL, '4913faf6b9b26dae0ef6a846f02d54abbbd6f996', NULL, '2010-07-25 03:24:39', '3f13c0741989a0a83755a8b9ca7212972b273465', NULL, 'test_acct', 'jason.laster.11+1@gmail.com')[0m
Redirected to http://localhost:3000/
Completed in 29ms (DB: 1) | 302 Found [http://localhost/users]
  [4;35;1mNetwork Load (0.0ms)[0m   [0mSQLite3::SQLException: database schema has changed: SELECT * FROM "networks" [0m
  [4;36;1mNetwork Load (0.5ms)[0m   [0;1mSELECT * FROM "networks" [0m
  [4;36;1mUser Load (0.5ms)[0m   [0;1mSELECT * FROM "users" [0m


Processing UsersController#create (for 127.0.0.1 at 2010-07-24 23:39:18) [POST]
  Parameters: {"commit"=>"Sign up", "authenticity_token"=>"C3GpBeTxqQqoObcuQhzbJbRra6Z/i8fWx9xpNVFOlWI=", "user"=>{"password_confirmation"=>"test12", "password"=>"test12", "login"=>"test_acct2", "email"=>"jason.laster.11+2@gmail.com"}}
  [4;36;1mUser Load (0.2ms)[0m   [0;1mSELECT "users".id FROM "users" WHERE ("users"."login" = 'test_acct2') LIMIT 1[0m
  [4;35;1mUser Load (0.1ms)[0m   [0mSELECT "users".id FROM "users" WHERE ("users"."email" = 'jason.laster.11+2@gmail.com') LIMIT 1[0m
  [4;36;1mUser Create (0.3ms)[0m   [0;1mINSERT INTO "users" ("name", "salt", "created_at", "activated_at", "crypted_password", "remember_token_expires_at", "updated_at", "activation_code", "remember_token", "login", "email") VALUES('', '4a5a82f6d08e74d00b8b07825d08f5f8c6afcb96', '2010-07-25 03:39:18', NULL, '02c12d9ed903a1b0d26cb94eb486722b08fae88c', NULL, '2010-07-25 03:39:18', 'cd6a363bfab632de933813f0745aeea9d2ebcf91', NULL, 'test_acct2', 'jason.laster.11+2@gmail.com')[0m
Redirected to http://localhost:3000/
Completed in 25ms (DB: 1) | 302 Found [http://localhost/users]


Processing UsersController#create (for 127.0.0.1 at 2010-07-24 23:40:00) [POST]
  Parameters: {"commit"=>"Sign up", "authenticity_token"=>"C3GpBeTxqQqoObcuQhzbJbRra6Z/i8fWx9xpNVFOlWI=", "user"=>{"password_confirmation"=>"test12", "password"=>"test12", "login"=>"test_acct3", "email"=>"jason.laster.11+2@gmail.com"}}
  [4;35;1mUser Load (0.1ms)[0m   [0mSELECT "users".id FROM "users" WHERE ("users"."login" = 'test_acct3') LIMIT 1[0m
  [4;36;1mUser Load (0.2ms)[0m   [0;1mSELECT "users".id FROM "users" WHERE ("users"."email" = 'jason.laster.11+2@gmail.com') LIMIT 1[0m
Rendering users/new
Completed in 19ms (View: 9, DB: 0) | 200 OK [http://localhost/users]


Processing UsersController#create (for 127.0.0.1 at 2010-07-24 23:40:08) [POST]
  Parameters: {"commit"=>"Sign up", "authenticity_token"=>"C3GpBeTxqQqoObcuQhzbJbRra6Z/i8fWx9xpNVFOlWI=", "user"=>{"password_confirmation"=>"test12", "password"=>"test12", "login"=>"test_acct3", "email"=>"jason.laster.11+3@gmail.com"}}
  [4;35;1mUser Load (0.1ms)[0m   [0mSELECT "users".id FROM "users" WHERE ("users"."login" = 'test_acct3') LIMIT 1[0m
  [4;36;1mUser Load (0.1ms)[0m   [0;1mSELECT "users".id FROM "users" WHERE ("users"."email" = 'jason.laster.11+3@gmail.com') LIMIT 1[0m
  [4;35;1mUser Create (0.3ms)[0m   [0mINSERT INTO "users" ("name", "salt", "created_at", "activated_at", "crypted_password", "remember_token_expires_at", "updated_at", "activation_code", "remember_token", "login", "email") VALUES('', '8022f1ae0dc35d7932b28694fc99e8a11677a120', '2010-07-25 03:40:08', NULL, 'cdea587d3219e15d9b3384ecdf33c792b5bf9a6a', NULL, '2010-07-25 03:40:08', 'fa59d388c77c3c36859185547d72084931a0287a', NULL, 'test_acct3', 'jason.laster.11+3@gmail.com')[0m
Redirected to http://localhost:3000/
Completed in 33ms (DB: 0) | 302 Found [http://localhost/users]


Processing ApplicationController#index (for 127.0.0.1 at 2010-07-24 23:50:41) [GET]

NameError (uninitialized constant WelcomeController):
  

Rendered rescues/_trace (24.3ms)
Rendered rescues/_request_and_response (1.0ms)
Rendering rescues/layout (internal_server_error)


Processing NetworksController#index (for 127.0.0.1 at 2010-07-24 23:50:51) [GET]
  [4;36;1mNetwork Load (0.4ms)[0m   [0;1mSELECT * FROM "networks" [0m
Rendering template within layouts/networks
Rendering networks/index
Completed in 64ms (View: 61, DB: 0) | 200 OK [http://localhost/]


Processing UsersController#new (for 127.0.0.1 at 2010-07-24 23:50:59) [GET]
Rendering users/new
Completed in 69ms (View: 4, DB: 0) | 200 OK [http://localhost/signup]


Processing UsersController#create (for 127.0.0.1 at 2010-07-24 23:51:15) [POST]
  Parameters: {"commit"=>"Sign up", "authenticity_token"=>"C3GpBeTxqQqoObcuQhzbJbRra6Z/i8fWx9xpNVFOlWI=", "user"=>{"password_confirmation"=>"sigma88", "password"=>"sigma88", "login"=>"myacct", "email"=>"Jason.laster.11+4@gmail.com"}}
  [4;35;1mUser Load (0.1ms)[0m   [0mSELECT "users".id FROM "users" WHERE ("users"."login" = 'myacct') LIMIT 1[0m
  [4;36;1mUser Load (0.1ms)[0m   [0;1mSELECT "users".id FROM "users" WHERE ("users"."email" = 'jason.laster.11+4@gmail.com') LIMIT 1[0m
  [4;35;1mUser Create (0.3ms)[0m   [0mINSERT INTO "users" ("name", "salt", "created_at", "activated_at", "crypted_password", "remember_token_expires_at", "updated_at", "activation_code", "remember_token", "login", "email") VALUES('', '0681365b248e6214e4e3201c906b028ec3bb1c06', '2010-07-25 03:51:15', NULL, '583d894b27c257ada57af3e08c5c5c3c4f52be4b', NULL, '2010-07-25 03:51:15', '9ab06fcd90e1f7ee913dbe3d87d0d5b6cc23c366', NULL, 'myacct', 'jason.laster.11+4@gmail.com')[0m
Redirected to http://localhost:3000/
Completed in 26ms (DB: 1) | 302 Found [http://localhost/users]


Processing NetworksController#index (for 127.0.0.1 at 2010-07-24 23:51:15) [GET]
  [4;36;1mNetwork Load (0.4ms)[0m   [0;1mSELECT * FROM "networks" [0m
Rendering template within layouts/networks
Rendering networks/index
Completed in 9ms (View: 5, DB: 0) | 200 OK [http://localhost/]


Processing UsersController#new (for 127.0.0.1 at 2010-07-24 23:57:50) [GET]
Rendering users/new
Completed in 25ms (View: 18, DB: 0) | 200 OK [http://localhost/signup]


Processing UsersController#create (for 127.0.0.1 at 2010-07-24 23:58:06) [POST]
  Parameters: {"commit"=>"Sign up", "authenticity_token"=>"C3GpBeTxqQqoObcuQhzbJbRra6Z/i8fWx9xpNVFOlWI=", "user"=>{"password_confirmation"=>"test12", "password"=>"test12", "login"=>"test_acct4", "email"=>"jason.laster.11+4@gmail.com"}}
  [4;36;1mUser Load (0.1ms)[0m   [0;1mSELECT "users".id FROM "users" WHERE ("users"."login" = 'test_acct4') LIMIT 1[0m
  [4;35;1mUser Load (0.1ms)[0m   [0mSELECT "users".id FROM "users" WHERE ("users"."email" = 'jason.laster.11+4@gmail.com') LIMIT 1[0m
Rendering users/new
Completed in 16ms (View: 6, DB: 0) | 200 OK [http://localhost/users]


Processing UsersController#create (for 127.0.0.1 at 2010-07-24 23:58:16) [POST]
  Parameters: {"commit"=>"Sign up", "authenticity_token"=>"C3GpBeTxqQqoObcuQhzbJbRra6Z/i8fWx9xpNVFOlWI=", "user"=>{"password_confirmation"=>"test12", "password"=>"test12", "login"=>"test_acct4", "email"=>"jason.laster.11+5@gmail.com"}}
  [4;36;1mUser Load (0.1ms)[0m   [0;1mSELECT "users".id FROM "users" WHERE ("users"."login" = 'test_acct4') LIMIT 1[0m
  [4;35;1mUser Load (0.1ms)[0m   [0mSELECT "users".id FROM "users" WHERE ("users"."email" = 'jason.laster.11+5@gmail.com') LIMIT 1[0m
  [4;36;1mUser Create (0.4ms)[0m   [0;1mINSERT INTO "users" ("name", "salt", "created_at", "activated_at", "crypted_password", "remember_token_expires_at", "updated_at", "activation_code", "remember_token", "login", "email") VALUES('', 'dc528024cbc0017c1f2ccc7d732ea2c7d546ed64', '2010-07-25 03:58:16', NULL, '6ca6a1fcb935ac3baa5cb214d8fff6d5f86303e5', NULL, '2010-07-25 03:58:16', '95a1eb9861fd51ea51c2fd8287c722de067ecd48', NULL, 'test_acct4', 'jason.laster.11+5@gmail.com')[0m
Redirected to http://localhost:3000/
Completed in 16ms (DB: 1) | 302 Found [http://localhost/users]


Processing NetworksController#index (for 127.0.0.1 at 2010-07-24 23:58:17) [GET]
  [4;35;1mNetwork Load (0.4ms)[0m   [0mSELECT * FROM "networks" [0m
Rendering template within layouts/networks
Rendering networks/index
Completed in 75ms (View: 71, DB: 0) | 200 OK [http://localhost/]


Processing UsersController#create (for 127.0.0.1 at 2010-07-25 00:00:00) [POST]
  Parameters: {"commit"=>"Sign up", "authenticity_token"=>"C3GpBeTxqQqoObcuQhzbJbRra6Z/i8fWx9xpNVFOlWI=", "user"=>{"password_confirmation"=>"test12", "password"=>"test12", "login"=>"test_acct6", "email"=>"jason.laster.11+6@gmail.com"}}
  [4;36;1mUser Load (0.1ms)[0m   [0;1mSELECT "users".id FROM "users" WHERE ("users"."login" = 'test_acct6') LIMIT 1[0m
  [4;35;1mUser Load (0.1ms)[0m   [0mSELECT "users".id FROM "users" WHERE ("users"."email" = 'jason.laster.11+6@gmail.com') LIMIT 1[0m
  [4;36;1mUser Create (0.3ms)[0m   [0;1mINSERT INTO "users" ("name", "salt", "created_at", "activated_at", "crypted_password", "remember_token_expires_at", "updated_at", "activation_code", "remember_token", "login", "email") VALUES('', 'c4e78835d7dc4ea1fd8da61802650cc328b06bc3', '2010-07-25 04:00:00', NULL, 'f13aa9ee3815d25f19457a8ca0d734438ab50202', NULL, '2010-07-25 04:00:00', '704d0512aa89a836d947bbdc1decaf4b2a05eeba', NULL, 'test_acct6', 'jason.laster.11+6@gmail.com')[0m
Redirected to http://localhost:3000/
Completed in 80ms (DB: 0) | 302 Found [http://localhost/users]


Processing NetworksController#index (for 127.0.0.1 at 2010-07-25 00:00:00) [GET]
  [4;35;1mNetwork Load (0.4ms)[0m   [0mSELECT * FROM "networks" [0m
Rendering template within layouts/networks
Rendering networks/index
Completed in 21ms (View: 17, DB: 0) | 200 OK [http://localhost/]


Processing NetworksController#index (for 127.0.0.1 at 2010-07-25 00:12:29) [GET]
  [4;36;1mNetwork Load (0.5ms)[0m   [0;1mSELECT * FROM "networks" [0m
Rendering template within layouts/networks
Rendering networks/index
Completed in 38ms (View: 34, DB: 0) | 200 OK [http://localhost/]


Processing UsersController#new (for 127.0.0.1 at 2010-07-25 00:12:32) [GET]
Rendering users/new
Completed in 12ms (View: 9, DB: 0) | 200 OK [http://localhost/signup]


Processing UsersController#create (for 127.0.0.1 at 2010-07-25 00:12:49) [POST]
  Parameters: {"commit"=>"Sign up", "authenticity_token"=>"C3GpBeTxqQqoObcuQhzbJbRra6Z/i8fWx9xpNVFOlWI=", "user"=>{"password_confirmation"=>"test12", "password"=>"test12", "login"=>"test_acct7", "email"=>"jason.laster.11+7@gmail.com"}}
  [4;35;1mUser Load (0.1ms)[0m   [0mSELECT "users".id FROM "users" WHERE ("users"."login" = 'test_acct7') LIMIT 1[0m
  [4;36;1mUser Load (0.1ms)[0m   [0;1mSELECT "users".id FROM "users" WHERE ("users"."email" = 'jason.laster.11+7@gmail.com') LIMIT 1[0m
  [4;35;1mUser Create (0.4ms)[0m   [0mINSERT INTO "users" ("name", "salt", "created_at", "activated_at", "crypted_password", "remember_token_expires_at", "updated_at", "activation_code", "remember_token", "login", "email") VALUES('', '25ba95036fa9d51b763b17541bd4dae2b3c02f9f', '2010-07-25 04:12:49', NULL, 'fdbb5c66a608b2c5a9b62d9e44caa62d65bdf188', NULL, '2010-07-25 04:12:49', '400097a987ba84634947f4f0dd152002083afd58', NULL, 'test_acct7', 'jason.laster.11+7@gmail.com')[0m
Sent mail to jason.laster.11+7@gmail.com

Date: Sun, 25 Jul 2010 00:12:49 -0400
From: ADMINEMAIL
To: jason.laster.11+7@gmail.com
Subject: localhost:3000Please activate your new account
Mime-Version: 1.0
Content-Type: text/plain; charset=utf-8

Your account has been created.

  Username: test_acct7
  Password: test12

Visit this url to activate your account:

  http://localhost:3000/activate/400097a987ba84634947f4f0dd152002083afd58
Redirected to http://localhost:3000/
Completed in 4497ms (DB: 1) | 302 Found [http://localhost/users]


Processing UsersController#create (for 127.0.0.1 at 2010-07-25 00:12:53) [POST]
  Parameters: {"commit"=>"Sign up", "authenticity_token"=>"C3GpBeTxqQqoObcuQhzbJbRra6Z/i8fWx9xpNVFOlWI=", "user"=>{"password_confirmation"=>"test12", "password"=>"test12", "login"=>"test_acct7", "email"=>"jason.laster.11+7@gmail.com"}}
  [4;36;1mUser Load (0.2ms)[0m   [0;1mSELECT "users".id FROM "users" WHERE ("users"."login" = 'test_acct7') LIMIT 1[0m
  [4;35;1mUser Load (0.1ms)[0m   [0mSELECT "users".id FROM "users" WHERE ("users"."email" = 'jason.laster.11+7@gmail.com') LIMIT 1[0m
Rendering users/new
Completed in 14ms (View: 7, DB: 0) | 200 OK [http://localhost/users]


Processing UsersController#create (for 127.0.0.1 at 2010-07-25 00:13:05) [POST]
  Parameters: {"commit"=>"Sign up", "authenticity_token"=>"C3GpBeTxqQqoObcuQhzbJbRra6Z/i8fWx9xpNVFOlWI=", "user"=>{"password_confirmation"=>"test12", "password"=>"test12", "login"=>"test_acct8", "email"=>"jason.laster.11+8@gmail.com"}}
  [4;36;1mUser Load (0.1ms)[0m   [0;1mSELECT "users".id FROM "users" WHERE ("users"."login" = 'test_acct8') LIMIT 1[0m
  [4;35;1mUser Load (0.1ms)[0m   [0mSELECT "users".id FROM "users" WHERE ("users"."email" = 'jason.laster.11+8@gmail.com') LIMIT 1[0m
  [4;36;1mUser Create (0.3ms)[0m   [0;1mINSERT INTO "users" ("name", "salt", "created_at", "activated_at", "crypted_password", "remember_token_expires_at", "updated_at", "activation_code", "remember_token", "login", "email") VALUES('', '541985b3918c8b00b03d785eb84376dc1440957b', '2010-07-25 04:13:05', NULL, '01aa258877ce91bd91de6d78439a58cfd0aa5c92', NULL, '2010-07-25 04:13:05', 'db5ff91d7ad5bfcb6ab65fa837f8875d5dd5c7d8', NULL, 'test_acct8', 'jason.laster.11+8@gmail.com')[0m
Sent mail to jason.laster.11+8@gmail.com

Date: Sun, 25 Jul 2010 00:13:05 -0400
From: ADMINEMAIL
To: jason.laster.11+8@gmail.com
Subject: localhost:3000Please activate your new account
Mime-Version: 1.0
Content-Type: text/plain; charset=utf-8

Your account has been created.

  Username: test_acct8
  Password: test12

Visit this url to activate your account:

  http://localhost:3000/activate/db5ff91d7ad5bfcb6ab65fa837f8875d5dd5c7d8
Redirected to http://localhost:3000/
Completed in 2592ms (DB: 0) | 302 Found [http://localhost/users]


Processing NetworksController#index (for 127.0.0.1 at 2010-07-25 00:13:08) [GET]
  [4;35;1mNetwork Load (0.5ms)[0m   [0mSELECT * FROM "networks" [0m
Rendering template within layouts/networks
Rendering networks/index
Completed in 9ms (View: 5, DB: 0) | 200 OK [http://localhost/]


Processing ApplicationController#index (for 127.0.0.1 at 2010-07-25 00:14:12) [GET]

ActionController::RoutingError (No route matches "/activate/db5ff91d7ad5bfcb6ab65fa837f8875d5dd5c7d8" with {:method=>:get}):
  

Rendering rescues/layout (not_found)


Processing UsersController#activate (for 127.0.0.1 at 2010-07-25 00:16:53) [GET]
  Parameters: {"activation_code"=>"400097a987ba84634947f4f0dd152002083afd58"}
  [4;36;1mUser Load (0.3ms)[0m   [0;1mSELECT * FROM "users" WHERE ("users"."activation_code" = '400097a987ba84634947f4f0dd152002083afd58') LIMIT 1[0m
  [4;35;1mUser Update (0.3ms)[0m   [0mUPDATE "users" SET "updated_at" = '2010-07-25 04:16:53', "activated_at" = '2010-07-25 04:16:53', "activation_code" = NULL WHERE "id" = 7[0m
Sent mail to jason.laster.11+7@gmail.com

Date: Sun, 25 Jul 2010 00:16:53 -0400
From: ADMINEMAIL
To: jason.laster.11+7@gmail.com
Subject: localhost:3000Your account has been activated!
Mime-Version: 1.0
Content-Type: text/plain; charset=utf-8

test_acct7, your account has been activated.  Welcome aboard!

  http://localhost:3000/
Redirected to http://localhost:3000/login
Completed in 2510ms (DB: 1) | 302 Found [http://localhost/activate/400097a987ba84634947f4f0dd152002083afd58]


Processing SessionsController#new (for 127.0.0.1 at 2010-07-25 00:16:55) [GET]
Rendering sessions/new
Completed in 26ms (View: 25, DB: 0) | 200 OK [http://localhost/login]


Processing SessionsController#create (for 127.0.0.1 at 2010-07-25 00:17:08) [POST]
  Parameters: {"commit"=>"Log in", "authenticity_token"=>"C3GpBeTxqQqoObcuQhzbJbRra6Z/i8fWx9xpNVFOlWI=", "login"=>"test_acct7", "password"=>"test12"}
  [4;36;1mUser Load (0.5ms)[0m   [0;1mSELECT * FROM "users" WHERE (login = 'test_acct7' and activated_at IS NOT NULL) LIMIT 1[0m
Redirected to http://localhost:3000/
Completed in 6ms (DB: 1) | 302 Found [http://localhost/session]


Processing NetworksController#index (for 127.0.0.1 at 2010-07-25 00:17:08) [GET]
  [4;35;1mNetwork Load (0.4ms)[0m   [0mSELECT * FROM "networks" [0m
Rendering template within layouts/networks
Rendering networks/index
Completed in 36ms (View: 33, DB: 0) | 200 OK [http://localhost/]


Processing SessionsController#new (for 127.0.0.1 at 2010-07-25 00:18:14) [GET]
Rendering sessions/new
Completed in 3ms (View: 2, DB: 0) | 200 OK [http://localhost/login]


Processing SessionsController#create (for 127.0.0.1 at 2010-07-25 00:18:28) [POST]
  Parameters: {"commit"=>"Log in", "authenticity_token"=>"C3GpBeTxqQqoObcuQhzbJbRra6Z/i8fWx9xpNVFOlWI=", "login"=>"test_acct7", "password"=>"test12"}
  [4;36;1mUser Load (0.5ms)[0m   [0;1mSELECT * FROM "users" WHERE (login = 'test_acct7' and activated_at IS NOT NULL) LIMIT 1[0m
Redirected to http://localhost:3000/
Completed in 6ms (DB: 1) | 302 Found [http://localhost/session]


Processing NetworksController#index (for 127.0.0.1 at 2010-07-25 00:18:28) [GET]
  [4;35;1mNetwork Load (0.5ms)[0m   [0mSELECT * FROM "networks" [0m
Rendering template within layouts/networks
Rendering networks/index
Completed in 68ms (View: 5, DB: 0) | 200 OK [http://localhost/]


Processing NetworksController#new (for 127.0.0.1 at 2010-07-25 00:18:36) [GET]
Rendering template within layouts/networks
Rendering networks/new
Completed in 11ms (View: 7, DB: 0) | 200 OK [http://localhost/networks/new]


Processing NetworksController#index (for 127.0.0.1 at 2010-07-25 00:18:39) [GET]
  [4;36;1mNetwork Load (0.4ms)[0m   [0;1mSELECT * FROM "networks" [0m
Rendering template within layouts/networks
Rendering networks/index
Completed in 9ms (View: 5, DB: 0) | 200 OK [http://localhost/networks/]


Processing NetworksController#index (for 127.0.0.1 at 2010-07-25 00:23:14) [GET]
  [4;35;1mNetwork Load (0.4ms)[0m   [0mSELECT * FROM "networks" [0m
Rendering template within layouts/networks
Rendering networks/index
Completed in 13ms (View: 9, DB: 0) | 200 OK [http://localhost/]


Processing NetworksController#index (for 127.0.0.1 at 2010-07-25 00:26:24) [GET]
  [4;36;1mNetwork Load (0.4ms)[0m   [0;1mSELECT * FROM "networks" [0m
Rendering template within layouts/networks
Rendering networks/index
ERROR: compiling _run_erb_app47views47networks47index46html46erb RAISED compile error
/Users/Jason/Code/projects/Tulips/Tulips/app/views/networks/index.html.erb:28: syntax error, unexpected tIDENTIFIER, expecting ')'
...( link_to 'Signup' signup_path ).to_s); @output_buffer.conca...
                              ^
Function body:           def _run_erb_app47views47networks47index46html46erb(local_assigns)
            old_output_buffer = output_buffer;;@output_buffer = '';  __in_erb_template=true ; @output_buffer.concat "<h1>Listing networks</h1>\n\n<table>\n  <tr>\n  </tr>\n\n"





;  @networks.each do |network| ; @output_buffer.concat "\n  <tr>\n\t\t<td><strong>"

; @output_buffer.concat(( network.name ).to_s); @output_buffer.concat "</strong></td>\n\t\t<td>"
; @output_buffer.concat(( network.description ).to_s); @output_buffer.concat "</td>\n    <td>"
; @output_buffer.concat(( link_to 'Show', network ).to_s); @output_buffer.concat "</td>\n    <td>"
; @output_buffer.concat(( link_to 'Edit', edit_network_path(network) ).to_s); @output_buffer.concat "</td>\n    <td>"
; @output_buffer.concat(( link_to 'Destroy', network, :confirm => 'Are you sure?', :method => :delete ).to_s); @output_buffer.concat "</td>\n  </tr>\n"

;  end ; @output_buffer.concat "\n</table>\n\n<br />\n\n"




; @output_buffer.concat(( link_to 'New network', new_network_path ).to_s); @output_buffer.concat "\n\n"

;  if logged_in? ; @output_buffer.concat "\n\t<p><strong>You are logged in as "
; @output_buffer.concat(( h current_user.login ).to_s); @output_buffer.concat " </strong></p>\n\t<p>"
; @output_buffer.concat(( link_to 'Logout', logout_path ).to_s); @output_buffer.concat "</p>\n"
;  else ; @output_buffer.concat "\n\t<p>\n\t\t"

; @output_buffer.concat(( link_to 'Login', login_path ).to_s); @output_buffer.concat "\n\t\t"
; @output_buffer.concat(( link_to 'Signup' signup_path ).to_s); @output_buffer.concat "\n\t</p>\n"

;  end ; @output_buffer.concat "\n\t\t"
; @output_buffer
          ensure
            self.output_buffer = old_output_buffer
          end
Backtrace: /Users/Jason/Code/projects/Tulips/Tulips/app/views/networks/index.html.erb:34:in `compile!'
/Library/Ruby/Gems/1.8/gems/actionpack-2.3.5/lib/action_view/renderable.rb:61:in `compile'
/Library/Ruby/Gems/1.8/gems/actionpack-2.3.5/lib/action_view/renderable.rb:28:in `render'
/Library/Ruby/Gems/1.8/gems/actionpack-2.3.5/lib/action_view/template.rb:205:in `render_template'
/Library/Ruby/Gems/1.8/gems/actionpack-2.3.5/lib/action_view/base.rb:265:in `render'
/Library/Ruby/Gems/1.8/gems/actionpack-2.3.5/lib/action_view/base.rb:348:in `_render_with_layout'
/Library/Ruby/Gems/1.8/gems/actionpack-2.3.5/lib/action_view/base.rb:262:in `render'
/Library/Ruby/Gems/1.8/gems/actionpack-2.3.5/lib/action_controller/base.rb:1250:in `render_for_file'
/Library/Ruby/Gems/1.8/gems/actionpack-2.3.5/lib/action_controller/base.rb:951:in `render_without_benchmark'
/Library/Ruby/Gems/1.8/gems/actionpack-2.3.5/lib/action_controller/benchmarking.rb:51:in `render'
/Library/Ruby/Gems/1.8/gems/activesupport-2.3.5/lib/active_support/core_ext/benchmark.rb:17:in `ms'
/System/Library/Frameworks/Ruby.framework/Versions/1.8/usr/lib/ruby/1.8/benchmark.rb:308:in `realtime'
/Library/Ruby/Gems/1.8/gems/activesupport-2.3.5/lib/active_support/core_ext/benchmark.rb:17:in `ms'
/Library/Ruby/Gems/1.8/gems/actionpack-2.3.5/lib/action_controller/benchmarking.rb:51:in `render'
/Library/Ruby/Gems/1.8/gems/actionpack-2.3.5/lib/action_controller/mime_responds.rb:135:in `send'
/Library/Ruby/Gems/1.8/gems/actionpack-2.3.5/lib/action_controller/mime_responds.rb:135:in `custom'
/Library/Ruby/Gems/1.8/gems/actionpack-2.3.5/lib/action_controller/mime_responds.rb:179:in `call'
/Library/Ruby/Gems/1.8/gems/actionpack-2.3.5/lib/action_controller/mime_responds.rb:179:in `respond'
/Library/Ruby/Gems/1.8/gems/actionpack-2.3.5/lib/action_controller/mime_responds.rb:173:in `each'
/Library/Ruby/Gems/1.8/gems/actionpack-2.3.5/lib/action_controller/mime_responds.rb:173:in `respond'
/Library/Ruby/Gems/1.8/gems/actionpack-2.3.5/lib/action_controller/mime_responds.rb:107:in `respond_to'
/Users/Jason/Code/projects/Tulips/Tulips/app/controllers/networks_controller.rb:9:in `index'
/Library/Ruby/Gems/1.8/gems/actionpack-2.3.5/lib/action_controller/base.rb:1331:in `send'
/Library/Ruby/Gems/1.8/gems/actionpack-2.3.5/lib/action_controller/base.rb:1331:in `perform_action_without_filters'
/Library/Ruby/Gems/1.8/gems/actionpack-2.3.5/lib/action_controller/filters.rb:617:in `call_filters'
/Library/Ruby/Gems/1.8/gems/actionpack-2.3.5/lib/action_controller/filters.rb:610:in `perform_action_without_benchmark'
/Library/Ruby/Gems/1.8/gems/actionpack-2.3.5/lib/action_controller/benchmarking.rb:68:in `perform_action_without_rescue'
/Library/Ruby/Gems/1.8/gems/activesupport-2.3.5/lib/active_support/core_ext/benchmark.rb:17:in `ms'
/System/Library/Frameworks/Ruby.framework/Versions/1.8/usr/lib/ruby/1.8/benchmark.rb:308:in `realtime'
/Library/Ruby/Gems/1.8/gems/activesupport-2.3.5/lib/active_support/core_ext/benchmark.rb:17:in `ms'
/Library/Ruby/Gems/1.8/gems/actionpack-2.3.5/lib/action_controller/benchmarking.rb:68:in `perform_action_without_rescue'
/Library/Ruby/Gems/1.8/gems/actionpack-2.3.5/lib/action_controller/rescue.rb:160:in `perform_action_without_flash'
/Library/Ruby/Gems/1.8/gems/actionpack-2.3.5/lib/action_controller/flash.rb:146:in `perform_action'
/Library/Ruby/Gems/1.8/gems/actionpack-2.3.5/lib/action_controller/base.rb:532:in `send'
/Library/Ruby/Gems/1.8/gems/actionpack-2.3.5/lib/action_controller/base.rb:532:in `process_without_filters'
/Library/Ruby/Gems/1.8/gems/actionpack-2.3.5/lib/action_controller/filters.rb:606:in `process'
/Library/Ruby/Gems/1.8/gems/actionpack-2.3.5/lib/action_controller/base.rb:391:in `process'
/Library/Ruby/Gems/1.8/gems/actionpack-2.3.5/lib/action_controller/base.rb:386:in `call'
/Library/Ruby/Gems/1.8/gems/actionpack-2.3.5/lib/action_controller/routing/route_set.rb:437:in `call'
/Library/Ruby/Gems/1.8/gems/actionpack-2.3.5/lib/action_controller/dispatcher.rb:87:in `dispatch'
/Library/Ruby/Gems/1.8/gems/actionpack-2.3.5/lib/action_controller/dispatcher.rb:121:in `_call'
/Library/Ruby/Gems/1.8/gems/actionpack-2.3.5/lib/action_controller/dispatcher.rb:130:in `build_middleware_stack'
/Library/Ruby/Gems/1.8/gems/activerecord-2.3.5/lib/active_record/query_cache.rb:29:in `call'
/Library/Ruby/Gems/1.8/gems/activerecord-2.3.5/lib/active_record/query_cache.rb:29:in `call'
/Library/Ruby/Gems/1.8/gems/activerecord-2.3.5/lib/active_record/connection_adapters/abstract/query_cache.rb:34:in `cache'
/Library/Ruby/Gems/1.8/gems/activerecord-2.3.5/lib/active_record/query_cache.rb:9:in `cache'
/Library/Ruby/Gems/1.8/gems/activerecord-2.3.5/lib/active_record/query_cache.rb:28:in `call'
/Library/Ruby/Gems/1.8/gems/activerecord-2.3.5/lib/active_record/connection_adapters/abstract/connection_pool.rb:361:in `call'
/Library/Ruby/Gems/1.8/gems/actionpack-2.3.5/lib/action_controller/string_coercion.rb:25:in `call'
/Library/Ruby/Gems/1.8/gems/rack-1.0.1/lib/rack/head.rb:9:in `call'
/Library/Ruby/Gems/1.8/gems/rack-1.0.1/lib/rack/methodoverride.rb:24:in `call'
/Library/Ruby/Gems/1.8/gems/actionpack-2.3.5/lib/action_controller/params_parser.rb:15:in `call'
/Library/Ruby/Gems/1.8/gems/actionpack-2.3.5/lib/action_controller/session/cookie_store.rb:93:in `call'
/Library/Ruby/Gems/1.8/gems/actionpack-2.3.5/lib/action_controller/failsafe.rb:26:in `call'
/Library/Ruby/Gems/1.8/gems/rack-1.0.1/lib/rack/lock.rb:11:in `call'
/Library/Ruby/Gems/1.8/gems/rack-1.0.1/lib/rack/lock.rb:11:in `synchronize'
/Library/Ruby/Gems/1.8/gems/rack-1.0.1/lib/rack/lock.rb:11:in `call'
/Library/Ruby/Gems/1.8/gems/actionpack-2.3.5/lib/action_controller/dispatcher.rb:114:in `call'
/Library/Ruby/Gems/1.8/gems/actionpack-2.3.5/lib/action_controller/reloader.rb:34:in `run'
/Library/Ruby/Gems/1.8/gems/actionpack-2.3.5/lib/action_controller/dispatcher.rb:108:in `call'
/Library/Ruby/Gems/1.8/gems/rails-2.3.5/lib/rails/rack/static.rb:31:in `call'
/Library/Ruby/Gems/1.8/gems/rack-1.0.1/lib/rack/urlmap.rb:46:in `call'
/Library/Ruby/Gems/1.8/gems/rack-1.0.1/lib/rack/urlmap.rb:40:in `each'
/Library/Ruby/Gems/1.8/gems/rack-1.0.1/lib/rack/urlmap.rb:40:in `call'
/Library/Ruby/Gems/1.8/gems/rails-2.3.5/lib/rails/rack/log_tailer.rb:17:in `call'
/Library/Ruby/Gems/1.8/gems/rack-1.0.1/lib/rack/content_length.rb:13:in `call'
/Library/Ruby/Gems/1.8/gems/rack-1.0.1/lib/rack/chunked.rb:15:in `call'
/Library/Ruby/Gems/1.8/gems/rack-1.0.1/lib/rack/handler/mongrel.rb:64:in `process'
/System/Library/Frameworks/Ruby.framework/Versions/1.8/usr/lib/ruby/gems/1.8/gems/mongrel-1.1.5/lib/mongrel.rb:159:in `process_client'
/System/Library/Frameworks/Ruby.framework/Versions/1.8/usr/lib/ruby/gems/1.8/gems/mongrel-1.1.5/lib/mongrel.rb:158:in `each'
/System/Library/Frameworks/Ruby.framework/Versions/1.8/usr/lib/ruby/gems/1.8/gems/mongrel-1.1.5/lib/mongrel.rb:158:in `process_client'
/System/Library/Frameworks/Ruby.framework/Versions/1.8/usr/lib/ruby/gems/1.8/gems/mongrel-1.1.5/lib/mongrel.rb:285:in `run'
/System/Library/Frameworks/Ruby.framework/Versions/1.8/usr/lib/ruby/gems/1.8/gems/mongrel-1.1.5/lib/mongrel.rb:285:in `initialize'
/System/Library/Frameworks/Ruby.framework/Versions/1.8/usr/lib/ruby/gems/1.8/gems/mongrel-1.1.5/lib/mongrel.rb:285:in `new'
/System/Library/Frameworks/Ruby.framework/Versions/1.8/usr/lib/ruby/gems/1.8/gems/mongrel-1.1.5/lib/mongrel.rb:285:in `run'
/System/Library/Frameworks/Ruby.framework/Versions/1.8/usr/lib/ruby/gems/1.8/gems/mongrel-1.1.5/lib/mongrel.rb:268:in `initialize'
/System/Library/Frameworks/Ruby.framework/Versions/1.8/usr/lib/ruby/gems/1.8/gems/mongrel-1.1.5/lib/mongrel.rb:268:in `new'
/System/Library/Frameworks/Ruby.framework/Versions/1.8/usr/lib/ruby/gems/1.8/gems/mongrel-1.1.5/lib/mongrel.rb:268:in `run'
/Library/Ruby/Gems/1.8/gems/rack-1.0.1/lib/rack/handler/mongrel.rb:34:in `run'
/Library/Ruby/Gems/1.8/gems/rails-2.3.5/lib/commands/server.rb:111
/Library/Ruby/Site/1.8/rubygems/custom_require.rb:31:in `gem_original_require'
/Library/Ruby/Site/1.8/rubygems/custom_require.rb:31:in `require'
script/server:3

ActionView::TemplateError (compile error
/Users/Jason/Code/projects/Tulips/Tulips/app/views/networks/index.html.erb:28: syntax error, unexpected tIDENTIFIER, expecting ')'
...( link_to 'Signup' signup_path ).to_s); @output_buffer.conca...
                              ^) on line #28 of app/views/networks/index.html.erb:
25: <% else %>
26: 	<p>
27: 		<%= link_to 'Login', login_path %>
28: 		<%= link_to 'Signup' signup_path %>
29: 	</p>
30: <% end %>
31: 		

    app/views/networks/index.html.erb:34:in `compile!'
    app/controllers/networks_controller.rb:9:in `index'

Rendered rescues/_trace (95.7ms)
Rendered rescues/_request_and_response (1.0ms)
Rendering rescues/layout (internal_server_error)


Processing NetworksController#index (for 127.0.0.1 at 2010-07-25 00:26:39) [GET]
  [4;35;1mNetwork Load (0.5ms)[0m   [0mSELECT * FROM "networks" [0m
Rendering template within layouts/networks
Rendering networks/index
  [4;36;1mUser Load (0.3ms)[0m   [0;1mSELECT * FROM "users" WHERE ("users"."id" = 7) LIMIT 1[0m
Completed in 15ms (View: 11, DB: 1) | 200 OK [http://localhost/]


Processing NetworksController#index (for 127.0.0.1 at 2010-07-25 00:26:49) [GET]
  [4;35;1mNetwork Load (0.4ms)[0m   [0mSELECT * FROM "networks" [0m
Rendering template within layouts/networks
Rendering networks/index
  [4;36;1mUser Load (0.3ms)[0m   [0;1mSELECT * FROM "users" WHERE ("users"."id" = 7) LIMIT 1[0m
Completed in 16ms (View: 12, DB: 1) | 200 OK [http://localhost/]


Processing SessionsController#destroy (for 127.0.0.1 at 2010-07-25 00:26:52) [GET]
Redirected to http://localhost:3000/
Completed in 2ms (DB: 0) | 302 Found [http://localhost/logout]


Processing NetworksController#index (for 127.0.0.1 at 2010-07-25 00:26:52) [GET]
  [4;35;1mNetwork Load (0.4ms)[0m   [0mSELECT * FROM "networks" [0m
Rendering template within layouts/networks
Rendering networks/index
Completed in 9ms (View: 5, DB: 0) | 200 OK [http://localhost/]


Processing SessionsController#new (for 127.0.0.1 at 2010-07-25 00:26:54) [GET]
Rendering sessions/new
Completed in 3ms (View: 2, DB: 0) | 200 OK [http://localhost/login]


Processing SessionsController#create (for 127.0.0.1 at 2010-07-25 00:26:59) [POST]
  Parameters: {"commit"=>"Log in", "authenticity_token"=>"WBkRyVN16DqefRC4AC/HHN0jU1NpvommR4ki9fmjOX8=", "login"=>"test_acct7", "password"=>"test12"}
  [4;36;1mUser Load (0.5ms)[0m   [0;1mSELECT * FROM "users" WHERE (login = 'test_acct7' and activated_at IS NOT NULL) LIMIT 1[0m
Redirected to http://localhost:3000/
Completed in 6ms (DB: 1) | 302 Found [http://localhost/session]


Processing NetworksController#index (for 127.0.0.1 at 2010-07-25 00:26:59) [GET]
  [4;35;1mNetwork Load (0.5ms)[0m   [0mSELECT * FROM "networks" [0m
Rendering template within layouts/networks
Rendering networks/index
  [4;36;1mUser Load (0.3ms)[0m   [0;1mSELECT * FROM "users" WHERE ("users"."id" = 7) LIMIT 1[0m
Completed in 13ms (View: 9, DB: 1) | 200 OK [http://localhost/]


Processing SessionsController#destroy (for 127.0.0.1 at 2010-07-25 00:27:01) [GET]
Redirected to http://localhost:3000/
Completed in 2ms (DB: 0) | 302 Found [http://localhost/logout]


Processing NetworksController#index (for 127.0.0.1 at 2010-07-25 00:27:01) [GET]
  [4;35;1mNetwork Load (0.4ms)[0m   [0mSELECT * FROM "networks" [0m
Rendering template within layouts/networks
Rendering networks/index
Completed in 9ms (View: 5, DB: 0) | 200 OK [http://localhost/]


Processing UsersController#new (for 127.0.0.1 at 2010-07-25 00:27:02) [GET]
Rendering users/new
Completed in 7ms (View: 4, DB: 0) | 200 OK [http://localhost/signup]
